Release 14.7 - xst P.20131013 (nt64)
Copyright (c) 1995-2013 Xilinx, Inc.  All rights reserved.
--> Parameter TMPDIR set to xst/projnav.tmp


Total REAL time to Xst completion: 0.00 secs
Total CPU time to Xst completion: 0.13 secs
 
--> Parameter xsthdpdir set to xst


Total REAL time to Xst completion: 0.00 secs
Total CPU time to Xst completion: 0.13 secs
 
--> Reading design: fpcvt.prj

TABLE OF CONTENTS
  1) Synthesis Options Summary
  2) HDL Parsing
  3) HDL Elaboration
  4) HDL Synthesis
       4.1) HDL Synthesis Report
  5) Advanced HDL Synthesis
       5.1) Advanced HDL Synthesis Report
  6) Low Level Synthesis
  7) Partition Report
  8) Design Summary
       8.1) Primitive and Black Box Usage
       8.2) Device utilization summary
       8.3) Partition Resource Summary
       8.4) Timing Report
            8.4.1) Clock Information
            8.4.2) Asynchronous Control Signals Information
            8.4.3) Timing Summary
            8.4.4) Timing Details
            8.4.5) Cross Clock Domains Report


=========================================================================
*                      Synthesis Options Summary                        *
=========================================================================
---- Source Parameters
Input File Name                    : "fpcvt.prj"
Ignore Synthesis Constraint File   : NO

---- Target Parameters
Output File Name                   : "fpcvt"
Output Format                      : NGC
Target Device                      : xa7a100t-2I-csg324

---- Source Options
Top Module Name                    : fpcvt
Automatic FSM Extraction           : YES
FSM Encoding Algorithm             : Auto
Safe Implementation                : No
FSM Style                          : LUT
RAM Extraction                     : Yes
RAM Style                          : Auto
ROM Extraction                     : Yes
Shift Register Extraction          : YES
ROM Style                          : Auto
Resource Sharing                   : YES
Asynchronous To Synchronous        : NO
Shift Register Minimum Size        : 2
Use DSP Block                      : Auto
Automatic Register Balancing       : No

---- Target Options
LUT Combining                      : Auto
Reduce Control Sets                : Auto
Add IO Buffers                     : YES
Global Maximum Fanout              : 100000
Add Generic Clock Buffer(BUFG)     : 32
Register Duplication               : YES
Optimize Instantiated Primitives   : NO
Use Clock Enable                   : Auto
Use Synchronous Set                : Auto
Use Synchronous Reset              : Auto
Pack IO Registers into IOBs        : Auto
Equivalent register Removal        : YES

---- General Options
Optimization Goal                  : Speed
Optimization Effort                : 1
Power Reduction                    : NO
Keep Hierarchy                     : No
Netlist Hierarchy                  : As_Optimized
RTL Output                         : Yes
Global Optimization                : AllClockNets
Read Cores                         : YES
Write Timing Constraints           : NO
Cross Clock Analysis               : NO
Hierarchy Separator                : /
Bus Delimiter                      : <>
Case Specifier                     : Maintain
Slice Utilization Ratio            : 100
BRAM Utilization Ratio             : 100
DSP48 Utilization Ratio            : 100
Auto BRAM Packing                  : NO
Slice Utilization Ratio Delta      : 5

=========================================================================


=========================================================================
*                          HDL Parsing                                  *
=========================================================================
Analyzing Verilog file "C:\Users\Student\Documents\dhb\lab5group4project2\fpcvt.v" into library work
Parsing module <fpcvt>.

=========================================================================
*                            HDL Elaboration                            *
=========================================================================

Elaborating module <fpcvt>.
WARNING:HDLCompiler:413 - "C:\Users\Student\Documents\dhb\lab5group4project2\fpcvt.v" Line 63: Result of 5-bit expression is truncated to fit in 4-bit target.
WARNING:HDLCompiler:413 - "C:\Users\Student\Documents\dhb\lab5group4project2\fpcvt.v" Line 67: Result of 4-bit expression is truncated to fit in 3-bit target.

=========================================================================
*                           HDL Synthesis                               *
=========================================================================

Synthesizing Unit <fpcvt>.
    Related source file is "C:\Users\Student\Documents\dhb\lab5group4project2\fpcvt.v".
    Found 11-bit subtractor for signal <D[10]_unary_minus_2_OUT> created at line 36.
    Found 4-bit subtractor for signal <GND_1_o_GND_1_o_sub_22_OUT> created at line 60.
    Found 4-bit adder for signal <n0070> created at line 56.
    Found 4-bit adder for signal <GND_1_o_GND_1_o_add_24_OUT> created at line 63.
    Found 3-bit adder for signal <GND_1_o_GND_1_o_add_26_OUT> created at line 67.
    Found 23-bit shifter logical right for signal <n0050> created at line 56
    Found 1-bit 12-to-1 multiplexer for signal <R> created at line 60.
    Found 4-bit comparator greater for signal <GND_1_o_PWR_1_o_LessThan_24_o> created at line 62
    Found 3-bit comparator greater for signal <GND_1_o_PWR_1_o_LessThan_26_o> created at line 66
    Summary:
	inferred   5 Adder/Subtractor(s).
	inferred   2 Comparator(s).
	inferred  15 Multiplexer(s).
	inferred   1 Combinational logic shifter(s).
Unit <fpcvt> synthesized.

=========================================================================
HDL Synthesis Report

Macro Statistics
# Adders/Subtractors                                   : 5
 11-bit subtractor                                     : 1
 3-bit adder                                           : 1
 4-bit adder                                           : 2
 4-bit subtractor                                      : 1
# Comparators                                          : 2
 3-bit comparator greater                              : 1
 4-bit comparator greater                              : 1
# Multiplexers                                         : 15
 1-bit 12-to-1 multiplexer                             : 1
 12-bit 2-to-1 multiplexer                             : 2
 3-bit 2-to-1 multiplexer                              : 9
 4-bit 2-to-1 multiplexer                              : 3
# Logic shifters                                       : 1
 23-bit shifter logical right                          : 1

=========================================================================

=========================================================================
*                       Advanced HDL Synthesis                          *
=========================================================================

WARNING:Xst - The specified part-type was not generated at build time. XST is loading the full part-type and will therefore consume more CPU and memory.
Loading device for application Rf_Device from file '7a100t.nph' in environment C:\Xilinx\14.7\ISE_DS\ISE\.
Loading device for application Rf_Device from file '7a100t.nph' in environment C:\Xilinx\14.7\ISE_DS\ISE\.

=========================================================================
Advanced HDL Synthesis Report

Macro Statistics
# Adders/Subtractors                                   : 5
 11-bit subtractor                                     : 1
 3-bit adder                                           : 1
 4-bit adder                                           : 2
 4-bit subtractor                                      : 1
# Comparators                                          : 2
 3-bit comparator greater                              : 1
 4-bit comparator greater                              : 1
# Multiplexers                                         : 15
 1-bit 12-to-1 multiplexer                             : 1
 12-bit 2-to-1 multiplexer                             : 2
 3-bit 2-to-1 multiplexer                              : 9
 4-bit 2-to-1 multiplexer                              : 3
# Logic shifters                                       : 1
 23-bit shifter logical right                          : 1

=========================================================================

=========================================================================
*                         Low Level Synthesis                           *
=========================================================================

Optimizing unit <fpcvt> ...

Mapping all equations...
Building and optimizing final netlist ...
Found area constraint ratio of 100 (+ 5) on block fpcvt, actual ratio is 0.

Final Macro Processing ...

=========================================================================
Final Register Report

Found no macro
=========================================================================

=========================================================================
*                           Partition Report                            *
=========================================================================

Partition Implementation Status
-------------------------------

  No Partitions were found in this design.

-------------------------------

=========================================================================
*                            Design Summary                             *
=========================================================================

Top Level Output File Name         : fpcvt.ngc

Primitive and Black Box Usage:
------------------------------
# BELS                             : 49
#      LUT3                        : 3
#      LUT4                        : 11
#      LUT5                        : 9
#      LUT6                        : 23
#      MUXF7                       : 3
# IO Buffers                       : 20
#      IBUF                        : 12
#      OBUF                        : 8

Device utilization summary:
---------------------------

Selected Device : xa7a100tcsg324-2i 


Slice Logic Utilization: 
 Number of Slice LUTs:                   46  out of  63400     0%  
    Number used as Logic:                46  out of  63400     0%  

Slice Logic Distribution: 
 Number of LUT Flip Flop pairs used:     46
   Number with an unused Flip Flop:      46  out of     46   100%  
   Number with an unused LUT:             0  out of     46     0%  
   Number of fully used LUT-FF pairs:     0  out of     46     0%  
   Number of unique control sets:         0

IO Utilization: 
 Number of IOs:                          20
 Number of bonded IOBs:                  20  out of    210     9%  

Specific Feature Utilization:

---------------------------
Partition Resource Summary:
---------------------------

  No Partitions were found in this design.

---------------------------


=========================================================================
Timing Report

NOTE: THESE TIMING NUMBERS ARE ONLY A SYNTHESIS ESTIMATE.
      FOR ACCURATE TIMING INFORMATION PLEASE REFER TO THE TRACE REPORT
      GENERATED AFTER PLACE-and-ROUTE.

Clock Information:
------------------
No clock signals found in this design

Asynchronous Control Signals Information:
----------------------------------------
No asynchronous control signals found in this design

Timing Summary:
---------------
Speed Grade: -2

   Minimum period: No path found
   Minimum input arrival time before clock: No path found
   Maximum output required time after clock: No path found
   Maximum combinational path delay: 7.965ns

Timing Details:
---------------
All values displayed in nanoseconds (ns)

=========================================================================
Timing constraint: Default path analysis
  Total number of paths / destination ports: 105598 / 8
-------------------------------------------------------------------------
Delay:               7.965ns (Levels of Logic = 13)
  Source:            D<5> (PAD)
  Destination:       E<0> (PAD)

  Data Path: D<5> to E<0>
                                Gate     Net
    Cell:in->out      fanout   Delay   Delay  Logical Name (Net Name)
    ----------------------------------------  ------------
     IBUF:I->O             3   0.001   0.765  D_5_IBUF (D_5_IBUF)
     LUT6:I0->O            5   0.097   0.639  Msub_D[10]_unary_minus_2_OUT_cy<5>11 (Msub_D[10]_unary_minus_2_OUT_cy<5>)
     LUT4:I0->O            1   0.097   0.753  magnitude[11]_reduce_nor_3_o1 (magnitude[11]_reduce_nor_3_o1)
     LUT6:I0->O           12   0.097   0.416  magnitude[11]_reduce_nor_3_o3 (magnitude[11]_reduce_nor_3_o)
     LUT5:I4->O            8   0.097   0.782  Mmux_magnitude91 (magnitude<7>)
     LUT6:I1->O            8   0.097   0.792  Mmux_n007611 (Mmux_n00761)
     LUT6:I0->O            7   0.097   0.473  Msub_GND_1_o_GND_1_o_sub_22_OUT_xor<2>11 (GND_1_o_GND_1_o_sub_22_OUT<2>)
     LUT3:I1->O            2   0.097   0.360  Sh3111 (Sh311)
     LUT6:I5->O            1   0.097   0.000  Sh313_G (N12)
     MUXF7:I1->O           5   0.279   0.639  Sh313 (Madd_GND_1_o_GND_1_o_add_24_OUT_cy<0>)
     LUT4:I0->O            3   0.097   0.755  GND_1_o_PWR_1_o_LessThan_24_o1 (GND_1_o_PWR_1_o_LessThan_24_o)
     LUT6:I1->O            1   0.097   0.339  Mmux_E11 (E_0_OBUF)
     OBUF:I->O                 0.000          E_0_OBUF (E<0>)
    ----------------------------------------
    Total                      7.965ns (1.250ns logic, 6.715ns route)
                                       (15.7% logic, 84.3% route)

=========================================================================

Cross Clock Domains Report:
--------------------------

=========================================================================


Total REAL time to Xst completion: 27.00 secs
Total CPU time to Xst completion: 27.61 secs
 
--> 

Total memory usage is 5047464 kilobytes

Number of errors   :    0 (   0 filtered)
Number of warnings :    3 (   0 filtered)
Number of infos    :    0 (   0 filtered)

