Command line:
   chess_isim_beh.exe
     -simmode  gui
     -simrunnum  0
     -socket  52732

Fri May 26 14:06:40 2023


 Elaboration Time: 0.03125 sec

 Current Memory Usage: 5154.54 Meg

 Total Signals          : 18
 Total Nets             : 1677
 Total Signal Drivers   : 32
 Total Blocks           : 3
 Total Primitive Blocks : 2
 Total Processes        : 34
 Total Traceable Variables  : 19
 Total Scalar Nets and Variables : 2525
Total Line Count : 21
Total Line Count : 21

 Total Simulation Time: 0.046875 sec

 Current Memory Usage: 5154.54 Meg

Fri May 26 14:07:07 2023

