Command line:
   tb_isim_beh.exe
     -simmode  gui
     -simrunnum  0
     -socket  57853

Tue Apr 25 13:11:35 2023


 Elaboration Time: 0.03125 sec

 Current Memory Usage: 5150.17 Meg

 Total Signals          : 17
 Total Nets             : 33
 Total Signal Drivers   : 9
 Total Blocks           : 3
 Total Primitive Blocks : 2
 Total Processes        : 13
 Total Traceable Variables  : 24
 Total Scalar Nets and Variables : 146
Total Line Count : 43

 Total Simulation Time: 0.03125 sec

 Current Memory Usage: 5464.74 Meg

Tue Apr 25 13:12:13 2023

